<?xml version="1.0" encoding="UTF-8"?>
<!-- Generated by org.testng.reporters.JUnitReportReporter -->
<testsuite hostname="LAPTOP-OP5S0AE4" failures="0" tests="1" name="runner.CucumberRunnerTests" time="43.089" errors="0" timestamp="2025-05-06T20:34:17 IST" skipped="0">
  <testcase classname="runner.CucumberRunnerTests" name="runScenario" time="43.089"/>
  <system-out/>
</testsuite> <!-- runner.CucumberRunnerTests -->
